<?xml version="1.0" encoding="utf-8"?><testsuites name="pytest tests"><testsuite name="pytest" errors="0" failures="3" skipped="0" tests="344" time="80.856" timestamp="2025-10-29T14:54:26.726045-04:00" hostname="MacBook-Pro-5.local"><testcase classname="tests.common.logging.test_logging_config" name="test_configure_from_logging_ini_success_path" time="0.007" /><testcase classname="tests.common.logging.test_logging_config" name="test_configure_from_logging_ini_no_env_var" time="0.001" /><testcase classname="tests.common.logging.test_logging_config" name="test_configure_from_logging_ini_file_not_found" time="0.001" /><testcase classname="tests.common.logging.test_logging_config" name="test_configure_from_logging_ini_invalid_config" time="0.007" /><testcase classname="tests.common.logging.test_logging_config" name="test_configure_from_logging_ini_with_json_formatter" time="0.009" /><testcase classname="tests.common.logging.test_logging_config" name="test_configure_from_logging_ini_env_var_substitution" time="0.004" /><testcase classname="tests.common.logging.test_logging_config" name="test_configure_from_logging_ini_empty_env_var" time="0.002" /><testcase classname="tests.common.logging.test_logging_config" name="test_configure_from_logging_ini_missing_env_var_no_default" time="0.002" /><testcase classname="tests.common.logging.test_logging_config" name="test_configure_from_logging_ini_empty_value" time="0.005" /><testcase classname="tests.common.logging.test_logging_config" name="test_configure_from_logging_ini_no_interpolation" time="0.004" /><testcase classname="tests.common.logging.test_logging_integration" name="test_setup_logging_when_no_env_var" time="0.004" /><testcase classname="tests.common.logging.test_logging_integration" name="test_setup_logging_with_logback_config" time="0.006" /><testcase classname="tests.common.logging.test_logging_integration" name="test_setup_logging_with_missing_log_config_uses_defaults" time="0.004" /><testcase classname="tests.common.logging.test_logging_integration" name="test_setup_logging_with_jsonl_formatting" time="0.004" /><testcase classname="tests.common.logging.test_logging_integration" name="test_setup_logging_with_invalid_log_level[stdout_log_level-log_file_level]" time="0.004" /><testcase classname="tests.common.logging.test_logging_integration" name="test_setup_logging_with_invalid_log_level[log_file_level-stdout_log_level]" time="0.004" /><testcase classname="tests.common.logging.test_logging_integration" name="test_setup_logging_with_boolean_true_log_levels[stdout_log_level-log_file_level]" time="0.004" /><testcase classname="tests.common.logging.test_logging_integration" name="test_setup_logging_with_boolean_true_log_levels[log_file_level-stdout_log_level]" time="0.004" /><testcase classname="tests.common.logging.test_logging_integration" name="test_sam_trace_logger_configuration_when_enabled" time="0.004" /><testcase classname="tests.common.logging.test_logging_integration.TestValidateLogLevel" name="test_validate_log_level_string_input[DEBUG-10]" time="0.001" /><testcase classname="tests.common.logging.test_logging_integration.TestValidateLogLevel" name="test_validate_log_level_string_input[INFO-20]" time="0.000" /><testcase classname="tests.common.logging.test_logging_integration.TestValidateLogLevel" name="test_validate_log_level_string_input[WARNING-30]" time="0.000" /><testcase classname="tests.common.logging.test_logging_integration.TestValidateLogLevel" name="test_validate_log_level_string_input[ERROR-40]" time="0.000" /><testcase classname="tests.common.logging.test_logging_integration.TestValidateLogLevel" name="test_validate_log_level_string_input[CRITICAL-50]" time="0.000" /><testcase classname="tests.common.logging.test_logging_integration.TestValidateLogLevel" name="test_validate_log_level_string_input[debug-10]" time="0.000" /><testcase classname="tests.common.logging.test_logging_integration.TestValidateLogLevel" name="test_validate_log_level_string_input[info-20]" time="0.000" /><testcase classname="tests.common.logging.test_logging_integration.TestValidateLogLevel" name="test_validate_log_level_string_input[warning-30]" time="0.000" /><testcase classname="tests.common.logging.test_logging_integration.TestValidateLogLevel" name="test_validate_log_level_string_input[error-40]" time="0.000" /><testcase classname="tests.common.logging.test_logging_integration.TestValidateLogLevel" name="test_validate_log_level_string_input[critical-50]" time="0.000" /><testcase classname="tests.common.logging.test_logging_integration.TestValidateLogLevel" name="test_validate_log_level_integer_input[10]" time="0.000" /><testcase classname="tests.common.logging.test_logging_integration.TestValidateLogLevel" name="test_validate_log_level_integer_input[20]" time="0.000" /><testcase classname="tests.common.logging.test_logging_integration.TestValidateLogLevel" name="test_validate_log_level_integer_input[30]" time="0.000" /><testcase classname="tests.common.logging.test_logging_integration.TestValidateLogLevel" name="test_validate_log_level_integer_input[40]" time="0.000" /><testcase classname="tests.common.logging.test_logging_integration.TestValidateLogLevel" name="test_validate_log_level_integer_input[50]" time="0.000" /><testcase classname="tests.common.logging.test_logging_integration.TestValidateLogLevel" name="test_validate_log_level_invalid_string[INVALID]" time="0.000" /><testcase classname="tests.common.logging.test_logging_integration.TestValidateLogLevel" name="test_validate_log_level_invalid_string[TRACE]" time="0.000" /><testcase classname="tests.common.logging.test_logging_integration.TestValidateLogLevel" name="test_validate_log_level_invalid_string[VERBOSE]" time="0.000" /><testcase classname="tests.common.logging.test_logging_integration.TestValidateLogLevel" name="test_validate_log_level_invalid_string[]" time="0.000" /><testcase classname="tests.common.logging.test_logging_integration.TestValidateLogLevel" name="test_validate_log_level_invalid_string[123]" time="0.001" /><testcase classname="tests.common.logging.test_logging_integration.TestValidateLogLevel" name="test_validate_log_level_invalid_string[info_level]" time="0.000" /><testcase classname="tests.common.logging.test_logging_integration.TestValidateLogLevel" name="test_validate_log_level_invalid_integer[0]" time="0.000" /><testcase classname="tests.common.logging.test_logging_integration.TestValidateLogLevel" name="test_validate_log_level_invalid_integer[5]" time="0.000" /><testcase classname="tests.common.logging.test_logging_integration.TestValidateLogLevel" name="test_validate_log_level_invalid_integer[15]" time="0.000" /><testcase classname="tests.common.logging.test_logging_integration.TestValidateLogLevel" name="test_validate_log_level_invalid_integer[25]" time="0.000" /><testcase classname="tests.common.logging.test_logging_integration.TestValidateLogLevel" name="test_validate_log_level_invalid_integer[35]" time="0.000" /><testcase classname="tests.common.logging.test_logging_integration.TestValidateLogLevel" name="test_validate_log_level_invalid_integer[45]" time="0.000" /><testcase classname="tests.common.logging.test_logging_integration.TestValidateLogLevel" name="test_validate_log_level_invalid_integer[55]" time="0.000" /><testcase classname="tests.common.logging.test_logging_integration.TestValidateLogLevel" name="test_validate_log_level_invalid_integer[100]" time="0.000" /><testcase classname="tests.common.logging.test_logging_integration.TestValidateLogLevel" name="test_validate_log_level_invalid_integer[-10]" time="0.000" /><testcase classname="tests.common.logging.test_logging_integration.TestValidateLogLevel" name="test_validate_log_level_invalid_type[None]" time="0.000" /><testcase classname="tests.common.logging.test_logging_integration.TestValidateLogLevel" name="test_validate_log_level_invalid_type[invalid_type1]" time="0.000" /><testcase classname="tests.common.logging.test_logging_integration.TestValidateLogLevel" name="test_validate_log_level_invalid_type[invalid_type2]" time="0.001" /><testcase classname="tests.common.logging.test_logging_integration.TestValidateLogLevel" name="test_validate_log_level_invalid_type[10.5]" time="0.000" /><testcase classname="tests.common.logging.test_logging_integration.TestValidateLogLevel" name="test_validate_log_level_invalid_type[True]" time="0.000" /><testcase classname="tests.common.logging.test_logging_integration.TestValidateLogLevel" name="test_validate_log_level_invalid_type[False]" time="0.001" /><testcase classname="tests.common.logging.test_logging_integration" name="test_setup_logging_with_numeric_log_levels" time="0.004" /><testcase classname="tests.common.messaging.test_messaging.TestMessaging" name="test_init" time="0.001" /><testcase classname="tests.common.messaging.test_messaging.TestMessaging" name="test_abstract_methods" time="0.000" /><testcase classname="tests.common.messaging.test_messaging.TestDevBroker" name="test_init" time="0.002" /><testcase classname="tests.common.messaging.test_messaging.TestDevBroker" name="test_connect_disconnect" time="0.001" /><testcase classname="tests.common.messaging.test_messaging.TestDevBroker" name="test_send_receive_message" time="0.001" /><testcase classname="tests.common.messaging.test_messaging.TestDevBroker" name="test_send_message_with_callback" time="0.001" /><testcase classname="tests.common.messaging.test_messaging.TestDevBroker" name="test_topic_matching" time="0.001" /><testcase classname="tests.common.messaging.test_messaging.TestDevBroker" name="test_subscription_to_regex" time="0.000" /><testcase classname="tests.common.messaging.test_messaging.TestDevBroker" name="test_receive_timeout" time="0.102" /><testcase classname="tests.common.messaging.test_messaging.TestDevBroker" name="test_ack_nack_message" time="0.002" /><testcase classname="tests.common.messaging.test_messaging.TestMessagingServiceBuilder" name="test_build_dev_broker" time="0.002" /><testcase classname="tests.common.messaging.test_messaging.TestMessagingServiceBuilder" name="test_build_solace_messaging" time="0.002" /><testcase classname="tests.common.messaging.test_messaging.TestMessagingServiceBuilder" name="test_build_unsupported_broker" time="0.001" /><testcase classname="tests.common.messaging.test_messaging_integration.TestMessagingIntegration" name="test_dev_broker_messaging_flow" time="0.001" /><testcase classname="tests.common.messaging.test_messaging_integration.TestMessagingIntegration" name="test_multiple_subscribers" time="0.001" /><testcase classname="tests.common.messaging.test_messaging_integration.TestMessagingIntegration" name="test_topic_wildcards" time="0.103" /><testcase classname="tests.common.messaging.test_messaging_integration.TestMessagingIntegration" name="test_message_nack" time="0.002" /><testcase classname="tests.common.messaging.test_messaging_integration.TestMessagingIntegration" name="test_message_with_callback" time="0.001" /><testcase classname="tests.common.messaging.test_solace_messaging.TestSolaceMessaging" name="test_disconnect" time="0.001" /><testcase classname="tests.common.messaging.test_solace_messaging.TestSolaceMessaging" name="test_send_message" time="0.001" /><testcase classname="tests.common.messaging.test_solace_messaging.TestSolaceMessaging" name="test_receive_message" time="0.002" /><testcase classname="tests.common.messaging.test_solace_messaging.TestSolaceMessaging" name="test_receive_message_none" time="0.001" /><testcase classname="tests.common.messaging.test_solace_messaging.TestSolaceMessaging" name="test_ack_message" time="0.001" /><testcase classname="tests.common.messaging.test_solace_messaging.TestSolaceMessaging" name="test_nack_message" time="0.002" /><testcase classname="tests.common.messaging.test_solace_messaging.TestServiceEventHandler" name="test_init_invalid_strategy" time="0.001" /><testcase classname="tests.common.messaging.test_solace_messaging.TestServiceEventHandler" name="test_on_reconnected" time="0.001" /><testcase classname="tests.common.messaging.test_solace_messaging.TestServiceEventHandler" name="test_on_reconnecting" time="0.001" /><testcase classname="tests.common.messaging.test_solace_messaging.TestServiceEventHandler" name="test_on_service_interrupted" time="0.001" /><testcase classname="tests.common.messaging.test_solace_messaging" name="test_change_connection_status" time="0.000" /><testcase classname="tests.components.general.llm.langchain.test_langchain_base.TestLangChainBaseInitialization" name="test_initialization_with_minimal_config" time="0.002" /><testcase classname="tests.components.general.llm.langchain.test_langchain_base.TestLangChainBaseLoadComponent" name="test_load_component_success" time="0.002" /><testcase classname="tests.components.general.llm.langchain.test_langchain_base.TestLangChainBaseLoadComponent" name="test_load_component_import_error" time="0.002" /><testcase classname="tests.components.general.llm.langchain.test_langchain_base.TestLangChainBaseCreateComponent" name="test_create_component_success" time="0.001" /><testcase classname="tests.components.general.llm.langchain.test_langchain_base.TestLangChainBaseCreateComponent" name="test_create_component_error" time="0.001" /><testcase classname="tests.components.general.llm.langchain.test_langchain_base.TestLangChainBaseInvoke" name="test_invoke_not_implemented" time="0.001" /><testcase classname="tests.components.general.llm.langchain.test_langchain_chat_model.TestLangChainChatModel" name="test_initialization" time="0.001" /><testcase classname="tests.components.general.llm.langchain.test_langchain_chat_model.TestLangChainChatModel" name="test_info_dictionary" time="0.002" /><testcase classname="tests.components.general.llm.langchain.test_langchain_chat_model.TestLangChainChatModel" name="test_invoke_model_streaming" time="0.004" /><testcase classname="tests.components.general.llm.langchain.test_langchain_chat_model.TestLangChainChatModel" name="test_invoke_model_streaming_no_flow" time="0.001" /><testcase classname="tests.components.general.llm.langchain.test_langchain_chat_model_base.TestLangChainChatModelBaseInitialization" name="test_initialization_with_defaults" time="0.002" /><testcase classname="tests.components.general.llm.langchain.test_langchain_chat_model_base.TestLangChainChatModelBaseInitialization" name="test_initialization_with_custom_config" time="0.001" /><testcase classname="tests.components.general.llm.langchain.test_langchain_chat_model_base.TestLangChainChatModelBaseInvoke" name="test_invalid_message_role" time="0.001" /><testcase classname="tests.components.general.llm.langchain.test_langchain_chat_model_base.TestLangChainChatModelBaseResponseFormat" name="test_text_format_response" time="0.002" /><testcase classname="tests.components.general.llm.langchain.test_langchain_chat_model_base.TestLangChainChatModelBaseResponseFormat" name="test_json_format_response" time="0.002" /><testcase classname="tests.components.general.llm.langchain.test_langchain_chat_model_base.TestLangChainChatModelBaseResponseFormat" name="test_json_format_error" time="0.002" /><testcase classname="tests.components.general.llm.langchain.test_langchain_chat_model_base.TestLangChainChatModelBaseResponseFormat" name="test_yaml_format_response" time="0.002" /><testcase classname="tests.components.general.llm.langchain.test_langchain_chat_model_base.TestLangChainChatModelBaseResponseFormat" name="test_yaml_format_error" time="0.002" /><testcase classname="tests.components.general.llm.langchain.test_langchain_embeddings.TestLangChainEmbeddings" name="test_initialization" time="0.001" /><testcase classname="tests.components.general.llm.langchain.test_langchain_embeddings.TestLangChainEmbeddings" name="test_info_dictionary" time="0.000" /><testcase classname="tests.components.general.llm.langchain.test_langchain_embeddings.TestLangChainEmbeddings" name="test_invoke_with_single_document" time="0.001" /><testcase classname="tests.components.general.llm.langchain.test_langchain_embeddings.TestLangChainEmbeddings" name="test_invoke_with_multiple_documents" time="0.001" /><testcase classname="tests.components.general.llm.langchain.test_langchain_embeddings.TestLangChainEmbeddings" name="test_invoke_with_query_type" time="0.001" /><testcase classname="tests.components.general.llm.langchain.test_langchain_embeddings.TestLangChainEmbeddings" name="test_invoke_with_multiple_queries" time="0.001" /><testcase classname="tests.components.general.llm.langchain.test_langchain_embeddings.TestLangChainEmbeddings" name="test_invoke_with_image_type" time="0.001" /><testcase classname="tests.components.general.llm.langchain.test_langchain_embeddings.TestLangChainEmbeddings" name="test_embed_documents" time="0.001" /><testcase classname="tests.components.general.llm.langchain.test_langchain_embeddings.TestLangChainEmbeddings" name="test_embed_queries" time="0.001" /><testcase classname="tests.components.general.llm.langchain.test_langchain_embeddings.TestLangChainEmbeddings" name="test_embed_images" time="0.001" /><testcase classname="tests.components.general.llm.langchain.test_langchain_split_text.TestLangChainTextSplitter" name="test_initialization" time="0.001" /><testcase classname="tests.components.general.llm.langchain.test_langchain_split_text.TestLangChainTextSplitter" name="test_info_dictionary" time="0.000" /><testcase classname="tests.components.general.llm.langchain.test_langchain_split_text.TestLangChainTextSplitter" name="test_invoke_success" time="0.001" /><testcase classname="tests.components.general.llm.langchain.test_langchain_split_text.TestSingleChunkSplitter" name="test_split_text" time="0.000" /><testcase classname="tests.components.general.llm.langchain.test_langchain_split_text.TestSingleChunkSplitter" name="test_invoke" time="0.000" /><testcase classname="tests.components.general.llm.langchain.test_langchain_vector_store_delete.TestLangChainVectorStoreDelete" name="test_initialization" time="0.000" /><testcase classname="tests.components.general.llm.langchain.test_langchain_vector_store_delete.TestLangChainVectorStoreDelete" name="test_info_dictionary" time="0.000" /><testcase classname="tests.components.general.llm.langchain.test_langchain_vector_store_delete.TestLangChainVectorStoreDelete" name="test_invoke_with_delete_ids" time="0.001" /><testcase classname="tests.components.general.llm.langchain.test_langchain_vector_store_delete.TestLangChainVectorStoreDelete" name="test_invoke_with_milvus_expr" time="0.001" /><testcase classname="tests.components.general.llm.langchain.test_langchain_vector_store_delete.TestLangChainVectorStoreDelete" name="test_invoke_with_milvus_no_expr" time="0.001" /><testcase classname="tests.components.general.llm.langchain.test_langchain_vector_store_embedding_index.TestLangChainVectorStoreEmbeddingsIndex" name="test_initialization" time="0.001" /><testcase classname="tests.components.general.llm.langchain.test_langchain_vector_store_embedding_index.TestLangChainVectorStoreEmbeddingsIndex" name="test_info_dictionary" time="0.000" /><testcase classname="tests.components.general.llm.langchain.test_langchain_vector_store_embedding_index.TestLangChainVectorStoreEmbeddingsIndex" name="test_invoke_add_data_single_text" time="0.001" /><testcase classname="tests.components.general.llm.langchain.test_langchain_vector_store_embedding_index.TestLangChainVectorStoreEmbeddingsIndex" name="test_invoke_add_data_multiple_texts" time="0.001" /><testcase classname="tests.components.general.llm.langchain.test_langchain_vector_store_embedding_index.TestLangChainVectorStoreEmbeddingsIndex" name="test_invoke_add_data_with_metadata" time="0.001" /><testcase classname="tests.components.general.llm.langchain.test_langchain_vector_store_embedding_index.TestLangChainVectorStoreEmbeddingsIndex" name="test_invoke_add_data_with_single_metadata" time="0.001" /><testcase classname="tests.components.general.llm.langchain.test_langchain_vector_store_embedding_index.TestLangChainVectorStoreEmbeddingsIndex" name="test_invoke_add_data_with_ids" time="0.001" /><testcase classname="tests.components.general.llm.langchain.test_langchain_vector_store_embedding_index.TestLangChainVectorStoreEmbeddingsIndex" name="test_invoke_add_data_with_single_id" time="0.001" /><testcase classname="tests.components.general.llm.langchain.test_langchain_vector_store_embedding_index.TestLangChainVectorStoreEmbeddingsIndex" name="test_invoke_delete_data" time="0.001" /><testcase classname="tests.components.general.llm.langchain.test_langchain_vector_store_embedding_index.TestLangChainVectorStoreEmbeddingsIndex" name="test_invoke_delete_data_no_ids" time="0.001" /><testcase classname="tests.components.general.llm.langchain.test_langchain_vector_store_embedding_index.TestLangChainVectorStoreEmbeddingsIndex" name="test_invoke_invalid_action" time="0.001" /><testcase classname="tests.components.general.llm.langchain.test_langchain_vector_store_embedding_search.TestLangChainVectorStoreEmbeddingsSearch" name="test_initialization" time="0.000" /><testcase classname="tests.components.general.llm.langchain.test_langchain_vector_store_embedding_search.TestLangChainVectorStoreEmbeddingsSearch" name="test_info_dictionary" time="0.000" /><testcase classname="tests.components.general.llm.langchain.test_langchain_vector_store_embedding_search.TestLangChainVectorStoreEmbeddingsSearch" name="test_invoke_success" time="0.001" /><testcase classname="tests.components.general.llm.langchain.test_langchain_vector_store_embedding_search.TestLangChainVectorStoreEmbeddingsSearch" name="test_combine_context_from_same_source" time="0.001" /><testcase classname="tests.components.general.llm.langchain.test_langchain_vector_store_embedding_search.TestLangChainVectorStoreEmbeddingsSearch" name="test_invoke_with_combine_context_true" time="0.001" /><testcase classname="tests.components.general.llm.langchain.test_langchain_vector_store_embedding_search.TestLangChainVectorStoreEmbeddingsSearch" name="test_invoke_with_combine_context_false" time="0.001" /><testcase classname="tests.components.general.llm.langchain.test_langchain_vector_store_embedding_search.TestLangChainVectorStoreEmbeddingsSearch" name="test_metadata_pk_removal" time="0.001" /><testcase classname="tests.components.general.llm.litellm.test_litellm_base.TestLiteLLMBaseInitialization" name="test_stats_initialization_structure" time="0.001" /><testcase classname="tests.components.general.llm.litellm.test_litellm_base.TestLiteLLMBaseInitialization" name="test_initialization_calls_init_and_init_load_balancer" time="0.002" /><testcase classname="tests.components.general.llm.litellm.test_litellm_bedrock.TestLiteLLMBedrockValidation" name="test_valid_bedrock_config_with_creds_in_params" time="0.159" /><testcase classname="tests.components.general.llm.litellm.test_litellm_bedrock.TestLiteLLMBedrockValidation" name="test_valid_bedrock_config_no_creds_in_params" time="0.158" /><testcase classname="tests.components.general.llm.litellm.test_litellm_bedrock.TestLiteLLMBedrockValidation" name="test_invalid_bedrock_config_missing_model_identifier" time="0.239" /><testcase classname="tests.components.general.llm.litellm.test_litellm_bedrock.TestLiteLLMBedrockValidation" name="test_invalid_bedrock_config_mismatched_keys_id_only" time="0.160" /><testcase classname="tests.components.general.llm.litellm.test_litellm_bedrock.TestLiteLLMBedrockValidation" name="test_invalid_bedrock_config_mismatched_keys_secret_only" time="0.166" /><testcase classname="tests.components.general.llm.litellm.test_litellm_bedrock.TestLiteLLMBedrockValidation" name="test_bedrock_config_warn_missing_region_with_explicit_keys" time="0.165"><failure message="assert False&#10; +  where False = any(&lt;generator object TestLiteLLMBedrockValidation.test_bedrock_config_warn_missing_region_with_explicit_keys.&lt;locals&gt;.&lt;genexpr&gt; at 0x1189bbc60&gt;)">self = &lt;test_litellm_bedrock.TestLiteLLMBedrockValidation object at 0x1185e7570&gt;
litellm_base_module_info = {'class_name': 'LiteLLMChatModelBase', 'config_parameters': [{'default': '', 'description': "A list of models to confi...LM', 'name': 'suppress_debug_info', 'required': False, ...}, ...], 'description': 'Base class for LiteLLM chat models'}
caplog = &lt;_pytest.logging.LogCaptureFixture object at 0x11988fcb0&gt;

    def test_bedrock_config_warn_missing_region_with_explicit_keys(
        self, litellm_base_module_info, caplog
    ):
        """Test Bedrock config with explicit keys but missing aws_region_name in params."""
        config = {
            "load_balancer": [
                {
                    "model_name": "bedrock-warn-region",
                    "litellm_params": {
                        "model": "bedrock/anthropic.claude-3-sonnet-20240229-v1:0",
                        "aws_access_key_id": "test_key_id",
                        "aws_secret_access_key": "test_secret_key",
                        # aws_region_name is missing
                    },
                }
            ]
        }
        MockLiteLLMBase(module_info=litellm_base_module_info, config=config)
&gt;       assert any(
            "'aws_region_name' not found in 'litellm_params'" in record.message
            and "when 'aws_access_key_id' and 'aws_secret_access_key' are provided"
            in record.message
            for record in caplog.records
        )
E       assert False
E        +  where False = any(&lt;generator object TestLiteLLMBedrockValidation.test_bedrock_config_warn_missing_region_with_explicit_keys.&lt;locals&gt;.&lt;genexpr&gt; at 0x1189bbc60&gt;)

tests/components/general/llm/litellm/test_litellm_bedrock.py:232: AssertionError</failure></testcase><testcase classname="tests.components.general.llm.litellm.test_litellm_bedrock.TestLiteLLMBedrockValidation" name="test_bedrock_config_warn_unexpected_api_key" time="0.163"><failure message="assert False&#10; +  where False = any(&lt;generator object TestLiteLLMBedrockValidation.test_bedrock_config_warn_unexpected_api_key.&lt;locals&gt;.&lt;genexpr&gt; at 0x119cb3ed0&gt;)">self = &lt;test_litellm_bedrock.TestLiteLLMBedrockValidation object at 0x1185e7680&gt;
litellm_base_module_info = {'class_name': 'LiteLLMChatModelBase', 'config_parameters': [{'default': '', 'description': "A list of models to confi...LM', 'name': 'suppress_debug_info', 'required': False, ...}, ...], 'description': 'Base class for LiteLLM chat models'}
caplog = &lt;_pytest.logging.LogCaptureFixture object at 0x118807d90&gt;

    def test_bedrock_config_warn_unexpected_api_key(
        self, litellm_base_module_info, caplog
    ):
        """Test Bedrock config with an unexpected api_key in litellm_params."""
        config = {
            "load_balancer": [
                {
                    "model_name": "bedrock-with-apikey",
                    "litellm_params": {
                        "model": "bedrock/anthropic.claude-3-sonnet-20240229-v1:0",
                        "api_key": "should_not_be_here_for_bedrock",
                        "aws_region_name": "us-east-1",
                    },
                }
            ]
        }
        MockLiteLLMBase(module_info=litellm_base_module_info, config=config)
&gt;       assert any(
            "'api_key' found in 'litellm_params' for Bedrock model" in record.message
            for record in caplog.records
        )
E       assert False
E        +  where False = any(&lt;generator object TestLiteLLMBedrockValidation.test_bedrock_config_warn_unexpected_api_key.&lt;locals&gt;.&lt;genexpr&gt; at 0x119cb3ed0&gt;)

tests/components/general/llm/litellm/test_litellm_bedrock.py:257: AssertionError</failure></testcase><testcase classname="tests.components.general.llm.litellm.test_litellm_bedrock.TestLiteLLMBedrockValidation" name="test_valid_openai_config_regression" time="0.166" /><testcase classname="tests.components.general.llm.litellm.test_litellm_bedrock.TestLiteLLMBedrockValidation" name="test_invalid_openai_config_missing_apikey_regression" time="0.163" /><testcase classname="tests.components.general.llm.litellm.test_litellm_bedrock.TestLiteLLMBedrockValidation" name="test_valid_bedrock_embedding_config_env_creds" time="0.273" /><testcase classname="tests.components.general.llm.litellm.test_litellm_bedrock.TestLiteLLMBedrockValidation" name="test_valid_bedrock_embedding_config_explicit_creds" time="0.157" /><testcase classname="tests.components.general.llm.litellm.test_litellm_bedrock.TestLiteLLMBedrockValidation" name="test_invalid_bedrock_embedding_config_missing_model" time="0.166" /><testcase classname="tests.components.general.llm.litellm.test_litellm_bedrock.TestLiteLLMBedrockValidation" name="test_bedrock_embedding_config_warn_unexpected_api_key" time="0.162"><failure message="assert False&#10; +  where False = any(&lt;generator object TestLiteLLMBedrockValidation.test_bedrock_embedding_config_warn_unexpected_api_key.&lt;locals&gt;.&lt;genexpr&gt; at 0x10a92c860&gt;)">self = &lt;test_litellm_bedrock.TestLiteLLMBedrockValidation object at 0x1186c4830&gt;
litellm_base_module_info = {'class_name': 'LiteLLMChatModelBase', 'config_parameters': [{'default': '', 'description': "A list of models to confi...LM', 'name': 'suppress_debug_info', 'required': False, ...}, ...], 'description': 'Base class for LiteLLM chat models'}
caplog = &lt;_pytest.logging.LogCaptureFixture object at 0x118807ed0&gt;

    def test_bedrock_embedding_config_warn_unexpected_api_key(
        self, litellm_base_module_info, caplog
    ):
        """Test Bedrock embedding config with an unexpected api_key."""
        config = {
            "load_balancer": [
                {
                    "model_name": "bedrock-embed-with-apikey",
                    "litellm_params": {
                        "model": "bedrock/amazon.titan-embed-text-v1",
                        "api_key": "this_should_not_be_here",
                        "aws_region_name": "us-east-1",
                    },
                }
            ]
        }
        MockLiteLLMBase(module_info=litellm_base_module_info, config=config)
&gt;       assert any(
            "'api_key' found in 'litellm_params' for Bedrock model" in record.message
            for record in caplog.records
        )
E       assert False
E        +  where False = any(&lt;generator object TestLiteLLMBedrockValidation.test_bedrock_embedding_config_warn_unexpected_api_key.&lt;locals&gt;.&lt;genexpr&gt; at 0x10a92c860&gt;)

tests/components/general/llm/litellm/test_litellm_bedrock.py:362: AssertionError</failure></testcase><testcase classname="tests.components.general.llm.litellm.test_litellm_bedrock.TestLiteLLMBedrockValidation" name="test_router_completion_called_correctly_for_bedrock" time="0.160" /><testcase classname="tests.components.general.llm.litellm.test_litellm_bedrock" name="test_router_embedding_called_correctly_for_bedrock" time="0.162" /><testcase classname="tests.components.general.llm.litellm.test_litellm_chat_model.TestLiteLLMChatModel" name="test_initialization" time="0.001" /><testcase classname="tests.components.general.llm.litellm.test_litellm_chat_model.TestLiteLLMChatModel" name="test_info_dictionary" time="0.000" /><testcase classname="tests.components.general.llm.litellm.test_litellm_chat_model.TestLiteLLMChatModel" name="test_invoke_method_inheritance" time="0.001" /><testcase classname="tests.components.general.llm.litellm.test_litellm_chat_model_base.TestLiteLLMChatModelBaseInitialization" name="test_initialization_with_defaults" time="0.001" /><testcase classname="tests.components.general.llm.litellm.test_litellm_chat_model_base.TestLiteLLMChatModelBaseInitialization" name="test_initialization_with_custom_config" time="0.001" /><testcase classname="tests.components.general.llm.litellm.test_litellm_chat_model_base.TestLiteLLMChatModelBaseInvoke" name="test_invoke_non_stream_mode" time="0.001" /><testcase classname="tests.components.general.llm.litellm.test_litellm_chat_model_base.TestLiteLLMChatModelBaseInvoke" name="test_invoke_stream_mode" time="0.001" /><testcase classname="tests.components.general.llm.litellm.test_litellm_chat_model_base.TestLiteLLMChatModelBaseInvoke" name="test_invoke_with_explicit_stream_param" time="0.001" /><testcase classname="tests.components.general.llm.litellm.test_litellm_chat_model_base.TestLiteLLMChatModelBaseInvokeNonStream" name="test_invoke_non_stream_success" time="0.002" /><testcase classname="tests.components.general.llm.litellm.test_litellm_chat_model_base.TestLiteLLMChatModelBaseInvokeNonStream" name="test_invoke_non_stream_api_error" time="0.001" /><testcase classname="tests.components.general.llm.litellm.test_litellm_chat_model_base.TestLiteLLMChatModelBaseSendMetrics" name="test_send_metrics" time="0.002" /><testcase classname="tests.components.general.llm.litellm.test_litellm_chat_model_with_history.TestLiteLLMChatModelWithHistory" name="test_info_dictionary" time="0.001" /><testcase classname="tests.components.general.llm.litellm.test_litellm_chat_model_with_history.TestLiteLLMChatModelWithHistory" name="test_invoke_without_session_id" time="0.001" /><testcase classname="tests.components.general.llm.litellm.test_litellm_chat_model_with_history.TestLiteLLMChatModelWithHistory" name="test_invoke_with_new_session" time="0.002" /><testcase classname="tests.components.general.llm.litellm.test_litellm_chat_model_with_history.TestLiteLLMChatModelWithHistory" name="test_invoke_with_existing_session" time="0.002" /><testcase classname="tests.components.general.llm.litellm.test_litellm_chat_model_with_history.TestLiteLLMChatModelWithHistory" name="test_system_message_replacement" time="0.002" /><testcase classname="tests.components.general.llm.litellm.test_litellm_chat_model_with_history.TestLiteLLMChatModelWithHistory" name="test_clear_history_but_keep_depth" time="0.002" /><testcase classname="tests.components.general.llm.litellm.test_litellm_embeddings.TestLiteLLMEmbeddings" name="test_initialization" time="0.001" /><testcase classname="tests.components.general.llm.litellm.test_litellm_embeddings.TestLiteLLMEmbeddings" name="test_info_dictionary" time="0.000" /><testcase classname="tests.components.general.llm.litellm.test_litellm_embeddings.TestLiteLLMEmbeddings" name="test_invoke_with_single_item" time="0.001" /><testcase classname="tests.components.general.llm.litellm.test_litellm_embeddings.TestLiteLLMEmbeddings" name="test_invoke_with_multiple_items" time="0.001" /><testcase classname="tests.components.general.llm.litellm.test_litellm_embeddings.TestLiteLLMEmbeddings" name="test_invoke_with_empty_response" time="0.001" /><testcase classname="tests.components.general.llm.litellm.test_litellm_embeddings.TestLiteLLMEmbeddings" name="test_invoke_with_bedrock_embedding_model" time="0.001" /><testcase classname="tests.components.general.llm.litellm.test_litellm_embeddings.TestLiteLLMEmbeddings" name="test_invoke_with_bedrock_embedding_model_with_creds" time="0.001" /><testcase classname="tests.components.general.llm.litellm.test_litellm_policy_violation.TestLiteLLMPolicyViolation" name="test_policy_violation_nack" time="0.001" /><testcase classname="tests.test_acks" name="test_basic_ack" time="1.010" /><testcase classname="tests.test_aggregate" name="test_aggregate_by_time" time="2.419" /><testcase classname="tests.test_aggregate" name="test_aggregate_by_items" time="1.009" /><testcase classname="tests.test_aggregate" name="test_both_items_and_time" time="2.302" /><testcase classname="tests.test_app" name="test_app_creation" time="0.017" /><testcase classname="tests.test_app" name="test_app_get_config" time="0.001" /><testcase classname="tests.test_app" name="test_app_create_from_flows" time="0.001" /><testcase classname="tests.test_app" name="test_multiple_apps_in_connector" time="0.208" /><testcase classname="tests.test_app" name="test_app_config_inheritance" time="1.008" /><testcase classname="tests.test_app" name="test_app_num_instances" time="0.207" /><testcase classname="tests.test_app" name="test_backward_compatibility" time="0.207" /><testcase classname="tests.test_app" name="test_get_app_by_name" time="0.210" /><testcase classname="tests.test_app" name="test_component_app_reference" time="1.004" /><testcase classname="tests.test_config_file" name="test_no_config_file" time="0.001" /><testcase classname="tests.test_config_file" name="test_no_flows" time="0.001" /><testcase classname="tests.test_config_file" name="test_no_flow_name" time="0.003" /><testcase classname="tests.test_config_file" name="test_no_flow_components" time="0.001" /><testcase classname="tests.test_config_file" name="test_flow_components_not_list" time="0.001" /><testcase classname="tests.test_config_file" name="test_no_component_name" time="0.002" /><testcase classname="tests.test_config_file" name="test_static_import_and_object_config" time="1.005" /><testcase classname="tests.test_config_file" name="test_bad_module" time="0.020" /><testcase classname="tests.test_config_file" name="test_component_missing_info_attribute" time="0.005" /><testcase classname="tests.test_error_flows" name="test_basic_error_flow" time="1.016" /><testcase classname="tests.test_filter" name="test_simple_filter" time="1.011" /><testcase classname="tests.test_filter" name="test_missing_item_filter" time="1.013" /><testcase classname="tests.test_filter" name="test_filter_with_multi_stage_data" time="1.037" /><testcase classname="tests.test_filter" name="test_filter_with_multi_stage_data_with_timer_input" time="2.031" /><testcase classname="tests.test_flows" name="test_on_flow_creation_event" time="0.243" /><testcase classname="tests.test_flows" name="test_multiple_flow_instances" time="5.073" /><testcase classname="tests.test_invoke" name="test_resolve_config_values[test0]" time="0.003" /><testcase classname="tests.test_invoke" name="test_resolve_config_values[test1]" time="0.012" /><testcase classname="tests.test_invoke" name="test_resolve_config_values[test2]" time="0.006" /><testcase classname="tests.test_invoke" name="test_resolve_config_values[test3]" time="0.003" /><testcase classname="tests.test_invoke" name="test_resolve_config_values[test4]" time="0.002" /><testcase classname="tests.test_invoke" name="test_resolve_config_values[test5]" time="0.025" /><testcase classname="tests.test_invoke" name="test_resolve_config_values_missing_module" time="0.007" /><testcase classname="tests.test_invoke" name="test_resolve_config_values_missing_function" time="0.004" /><testcase classname="tests.test_invoke" name="test_resolve_config_values_missing_attribute" time="0.002" /><testcase classname="tests.test_invoke" name="test_resolve_config_values_missing_object" time="0.001" /><testcase classname="tests.test_invoke" name="test_resolve_config_values_global_function" time="0.000" /><testcase classname="tests.test_invoke" name="test_resolve_config_values_missing_global_function" time="0.001" /><testcase classname="tests.test_invoke" name="test_call_function_no_params" time="0.000" /><testcase classname="tests.test_invoke" name="test_invoke_params_bad_positional" time="0.002" /><testcase classname="tests.test_invoke" name="test_invoke_params_bad_keyword" time="0.002" /><testcase classname="tests.test_invoke" name="test_invoke_params_with_both_positional_and_keyword" time="0.001" /><testcase classname="tests.test_invoke" name="test_invoke_params_with_positional" time="0.001" /><testcase classname="tests.test_invoke" name="test_invoke_params_with_keyword" time="0.001" /><testcase classname="tests.test_invoke" name="test_invoke_import_os_module" time="0.001" /><testcase classname="tests.test_invoke" name="test_invoke_with_evaluate_expression_simple" time="0.002" /><testcase classname="tests.test_invoke" name="test_invoke_with_evaluate_expression_cast_to_int" time="0.002" /><testcase classname="tests.test_invoke" name="test_invoke_with_evaluate_expression_cast_to_float" time="0.002" /><testcase classname="tests.test_invoke" name="test_invoke_with_source_expression_cast_to_bool" time="0.002" /><testcase classname="tests.test_invoke" name="test_invoke_with_evaluate_expression_cast_to_str" time="0.002" /><testcase classname="tests.test_invoke" name="test_invoke_with_evaluate_expression_keyword" time="0.002" /><testcase classname="tests.test_invoke" name="test_invoke_with_evaluate_expression_complex" time="0.005" /><testcase classname="tests.test_invoke" name="test_invoke_with_evaluate_expression_missing" time="0.002" /><testcase classname="tests.test_invoke" name="test_invoke_with_source_expression_no_evaluate_expression" time="0.002" /><testcase classname="tests.test_invoke" name="test_invoke_with_evaluate_expression_with_real_flow" time="1.012" /><testcase classname="tests.test_invoke" name="test_reduce_transform_accumulator" time="1.030" /><testcase classname="tests.test_invoke" name="test_reduce_transform_make_list" time="1.010" /><testcase classname="tests.test_invoke" name="test_map_transform_add_2" time="1.024" /><testcase classname="tests.test_invoke" name="test_filter_transform_greater_than_2" time="1.020" /><testcase classname="tests.test_invoke" name="test_filter_transform_sub_field_greater_than_2" time="1.007" /><testcase classname="tests.test_invoke" name="test_invoke_with_uuid_generator" time="0.002" /><testcase classname="tests.test_iterate" name="test_small_list" time="1.006" /><testcase classname="tests.test_iterate" name="test_large_list" time="1.017" /><testcase classname="tests.test_message_get_set_data" name="test_get_data_simple_payload" time="0.001" /><testcase classname="tests.test_message_get_set_data" name="test_get_data_complex_payload" time="0.000" /><testcase classname="tests.test_message_get_set_data" name="test_get_data_with_user_properties" time="0.000" /><testcase classname="tests.test_message_get_set_data" name="test_get_data_with_topic" time="0.000" /><testcase classname="tests.test_message_get_set_data" name="test_get_data_with_all" time="0.001" /><testcase classname="tests.test_message_get_set_data" name="test_get_data_long_topic" time="0.000" /><testcase classname="tests.test_message_get_set_data" name="test_get_data_deeply_nested_payload" time="0.000" /><testcase classname="tests.test_message_get_set_data" name="test_get_data_invalid_expression" time="0.000" /><testcase classname="tests.test_message_get_set_data" name="test_get_data_invalid_data_type" time="0.001" /><testcase classname="tests.test_message_get_set_data" name="test_get_data_invalid_data_name" time="0.002" /><testcase classname="tests.test_message_get_set_data" name="test_get_data_invalid_payload_name" time="0.001" /><testcase classname="tests.test_message_get_set_data" name="test_get_data_with_template" time="0.003" /><testcase classname="tests.test_message_get_set_data" name="test_get_data_with_complicated_template" time="0.003" /><testcase classname="tests.test_message_get_set_data" name="test_get_data_with_template_json" time="0.002" /><testcase classname="tests.test_message_get_set_data" name="test_get_data_with_template_datauri" time="0.001" /><testcase classname="tests.test_message_get_set_data" name="test_get_data_with_base64" time="0.000" /><testcase classname="tests.test_message_get_set_data" name="test_get_data_with_previous" time="0.000" /><testcase classname="tests.test_message_get_set_data" name="test_get_data_with_static_value" time="0.000" /><testcase classname="tests.test_message_get_set_data" name="test_get_data_dangling_colon" time="0.001" /><testcase classname="tests.test_message_get_set_data" name="test_index_into_list" time="0.000" /><testcase classname="tests.test_message_get_set_data" name="test_index_into_list_out_of_bounds" time="0.000" /><testcase classname="tests.test_message_get_set_data" name="test_get_topic_levels" time="0.000" /><testcase classname="tests.test_message_get_set_data" name="test_set_data_user_data_simple" time="0.000" /><testcase classname="tests.test_message_get_set_data" name="test_set_data_user_data_dict" time="0.000" /><testcase classname="tests.test_message_get_set_data" name="test_set_data_user_data_list" time="0.000" /><testcase classname="tests.test_message_get_set_data" name="test_set_data_user_data_add_more_to_existing" time="0.000" /><testcase classname="tests.test_message_get_set_data" name="test_set_data_user_data_overwrite_existing_property" time="0.000" /><testcase classname="tests.test_message_get_set_data" name="test_set_data_user_data_overwrite_entire_object" time="0.000" /><testcase classname="tests.test_message_get_set_data" name="test_set_data_user_data_overwrite_scalar" time="0.000" /><testcase classname="tests.test_message_get_set_data" name="test_set_data_user_data_create_new_list" time="0.000" /><testcase classname="tests.test_message_get_set_data" name="test_set_data_user_data_overwrite_list" time="0.001" /><testcase classname="tests.test_message_get_set_data" name="test_set_data_input_payload" time="0.001" /><testcase classname="tests.test_message_get_set_data" name="test_set_data_input_topic" time="0.000" /><testcase classname="tests.test_message_get_set_data" name="test_set_data_input_user_properties" time="0.000" /><testcase classname="tests.test_message_get_set_data" name="test_set_data_overwrites_scalar_in_list_path" time="0.000" /><testcase classname="tests.test_message_get_set_data" name="test_set_data_list_middle_success" time="0.000" /><testcase classname="tests.test_message_get_set_data" name="test_get_set_payload" time="0.000" /><testcase classname="tests.test_message_get_set_data" name="test_get_set_topic" time="0.000" /><testcase classname="tests.test_message_get_set_data" name="test_get_set_user_properties" time="0.000" /><testcase classname="tests.test_message_get_set_data" name="test_get_set_previous" time="0.000" /><testcase classname="tests.test_multi_session_request_response" name="test_multi_session_lifecycle_and_isolation" time="3.036" /><testcase classname="tests.test_multi_session_request_response" name="test_fire_and_forget_sends_message" time="2.028" /><testcase classname="tests.test_multi_session_request_response" name="test_async_multi_session_lifecycle" time="2.012" /><testcase classname="tests.test_multi_session_request_response" name="test_async_multi_session_streaming" time="2.004" /><testcase classname="tests.test_multi_session_request_response" name="test_multi_session_no_default_config" time="2.008" /><testcase classname="tests.test_multi_session_request_response" name="test_max_sessions_limit" time="3.011" /><testcase classname="tests.test_multi_session_request_response" name="test_backward_compatibility_with_legacy_rrc" time="1.009" /><testcase classname="tests.test_multi_session_request_response" name="test_rrc_process_response_with_decode_error" time="0.003" /><testcase classname="tests.test_multiple_config_files" name="test_load_config_with_app_creation" time="0.005" /><testcase classname="tests.test_multiple_config_files" name="test_merge_config_with_apps" time="0.000" /><testcase classname="tests.test_multiple_config_files" name="test_multiple_config_files_integration" time="0.207" /><testcase classname="tests.test_multiple_config_files" name="test_component_config_inheritance" time="0.205" /><testcase classname="tests.test_nacks" name="test_basic_nack_rejected" time="1.043" /><testcase classname="tests.test_nacks" name="test_basic_nack_failed" time="1.114" /><testcase classname="tests.test_request_response_controller" name="test_request_response_flow_controller_basic" time="1.010" /><testcase classname="tests.test_request_response_controller" name="test_request_response_flow_controller_streaming" time="1.009" /><testcase classname="tests.test_request_response_controller" name="test_request_response_flow_controller_timeout" time="3.014" /><testcase classname="tests.test_timer_input" name="test_basic_timer" time="3.015" /><testcase classname="tests.test_timer_input" name="test_with_no_skip_timer" time="3.210" /><testcase classname="tests.test_timer_input" name="test_with_skip_timer" time="6.250" /><testcase classname="tests.test_transforms" name="test_basic_copy_transform" time="1.011" /><testcase classname="tests.test_transforms" name="test_transform_with_run_component_test" time="1.008" /><testcase classname="tests.test_transforms" name="test_transform_with_run_component_test_with_static_import" time="1.003" /><testcase classname="tests.test_transforms" name="test_basic_map_transform" time="1.012" /><testcase classname="tests.test_transforms" name="test_map_with_index_transform" time="1.005" /><testcase classname="tests.test_transforms" name="test_map_with_message_source_expression" time="1.010" /><testcase classname="tests.test_transforms" name="test_basic_append_transform" time="1.018" /><testcase classname="tests.test_transforms" name="test_overwrite_non_list_with_list" time="1.052" /><testcase classname="tests.test_transforms" name="test_transform_without_a_type" time="0.003" /><testcase classname="tests.test_transforms" name="test_transform_with_unknown_type" time="0.003" /><testcase classname="tests.test_transforms" name="test_missing_source_expression" time="0.003" /><testcase classname="tests.test_transforms" name="test_missing_dest_expression" time="0.002" /><testcase classname="tests.test_transforms" name="test_source_value_as_an_object" time="1.008" /><testcase classname="tests.unit.test_app_validation" name="test_app_validation_success" time="0.001" /><testcase classname="tests.unit.test_app_validation" name="test_app_validation_default_applied" time="0.001" /><testcase classname="tests.unit.test_app_validation" name="test_app_validation_missing_required_raises_error" time="0.001" /><testcase classname="tests.unit.test_app_validation" name="test_app_validation_empty_config" time="0.001" /><testcase classname="tests.unit.test_app_validation" name="test_app_validation_no_app_config_block" time="0.001" /><testcase classname="tests.unit.test_app_validation" name="test_unvalidated_app_no_error" time="0.001" /><testcase classname="tests.unit.test_app_validation" name="test_base_app_no_error" time="0.001" /><testcase classname="tests.unit.test_simplified_app" name="test_app_init_merging" time="0.001" /><testcase classname="tests.unit.test_simplified_app" name="test_create_simplified_flow_config[app_config_override0-expected_components0]" time="0.001" /><testcase classname="tests.unit.test_simplified_app" name="test_create_simplified_flow_config[app_config_override1-expected_components1]" time="0.001" /><testcase classname="tests.unit.test_simplified_app" name="test_create_simplified_flow_config[app_config_override2-expected_components2]" time="0.001" /><testcase classname="tests.unit.test_simplified_app" name="test_create_simplified_flow_config[app_config_override3-expected_components3]" time="0.001" /><testcase classname="tests.unit.test_simplified_app" name="test_create_simplified_flow_config[app_config_override4-expected_components4]" time="0.001" /><testcase classname="tests.unit.test_simplified_app" name="test_flow_create_component_group_with_class" time="0.003" /><testcase classname="tests.unit.test_simplified_app" name="test_subscription_router_routing_match_a" time="0.007" /><testcase classname="tests.unit.test_simplified_app" name="test_subscription_router_routing_match_b" time="0.006" /><testcase classname="tests.unit.test_simplified_app" name="test_subscription_router_routing_no_match" time="0.006" /><testcase classname="tests.unit.test_simplified_app" name="test_get_config_hierarchy_comp_level" time="0.002" /><testcase classname="tests.unit.test_simplified_app" name="test_get_config_hierarchy_app_level" time="0.002" /><testcase classname="tests.unit.test_simplified_app" name="test_get_config_hierarchy_flow_level" time="0.004" /><testcase classname="tests.unit.test_simplified_app" name="test_get_config_hierarchy_precedence" time="0.002" /><testcase classname="tests.unit.test_simplified_app" name="test_get_config_hierarchy_not_found" time="0.002" /></testsuite></testsuites>